{"level":"info", "time":"26/06/2024, 12:01:43 pm","fileName":"Server.js","message":"HTTP server started on "}
{"level":"info", "time":"26/06/2024, 12:01:43 pm","fileName":"Server.js","message":"HTTPS server started on "}
{"level":"info", "time":"26/06/2024, 12:03:03 pm","fileName":"Server.js","message":"HTTP server started on "}
{"level":"info", "time":"26/06/2024, 12:03:03 pm","fileName":"Server.js","message":"HTTPS server started on "}
{"level":"info", "time":"26/06/2024, 12:03:20 pm","fileName":"Server.js","message":"HTTP server started on "}
{"level":"info", "time":"26/06/2024, 12:03:20 pm","fileName":"Server.js","message":"HTTPS server started on "}
{"level":"info", "time":"26/06/2024, 12:04:01 pm","fileName":"Server.js","message":"HTTP server started on "}
{"level":"info", "time":"26/06/2024, 12:04:01 pm","fileName":"Server.js","message":"HTTPS server started on "}
{"level":"info", "time":"26/06/2024, 12:14:28 pm","fileName":"Server.js","message":"HTTP server started on "}
{"level":"info", "time":"26/06/2024, 12:14:28 pm","fileName":"Server.js","message":"HTTPS server started on "}
{"level":"info", "time":"26/06/2024, 12:15:31 pm","fileName":"Server.js","message":"HTTP server started on "}
{"level":"info", "time":"26/06/2024, 12:15:31 pm","fileName":"Server.js","message":"HTTPS server started on "}
{"level":"info", "time":"26/06/2024, 12:16:06 pm","fileName":"Server.js","message":"HTTP server started on "}
{"level":"info", "time":"26/06/2024, 12:16:06 pm","fileName":"Server.js","message":"HTTPS server started on "}
{"level":"info", "time":"26/06/2024, 12:16:22 pm","fileName":"Server.js","message":"HTTP server started on "}
{"level":"info", "time":"26/06/2024, 12:16:22 pm","fileName":"Server.js","message":"HTTPS server started on "}
{"level":"info", "time":"26/06/2024, 12:16:57 pm","fileName":"Server.js","message":"HTTP server started on "}
{"level":"info", "time":"26/06/2024, 12:16:57 pm","fileName":"Server.js","message":"HTTPS server started on "}
{"level":"info", "time":"26/06/2024, 12:17:03 pm","fileName":"Server.js","message":"HTTP server started on "}
{"level":"info", "time":"26/06/2024, 12:17:03 pm","fileName":"Server.js","message":"HTTPS server started on "}
{"level":"info", "time":"26/06/2024, 12:17:09 pm","fileName":"Server.js","message":"HTTP server started on "}
{"level":"info", "time":"26/06/2024, 12:17:09 pm","fileName":"Server.js","message":"HTTPS server started on "}
{"level":"info", "time":"26/06/2024, 12:17:18 pm","fileName":"Server.js","message":"HTTP server started on "}
{"level":"info", "time":"26/06/2024, 12:17:18 pm","fileName":"Server.js","message":"HTTPS server started on "}
{"level":"info", "time":"26/06/2024, 12:17:22 pm","fileName":"Server.js","message":"HTTP server started on "}
{"level":"info", "time":"26/06/2024, 12:17:22 pm","fileName":"Server.js","message":"HTTPS server started on "}
{"level":"info", "time":"26/06/2024, 12:17:57 pm","fileName":"Server.js","message":"HTTP server started on "}
{"level":"info", "time":"26/06/2024, 12:17:57 pm","fileName":"Server.js","message":"HTTPS server started on "}
{"level":"info", "time":"26/06/2024, 12:20:00 pm","fileName":"Server.js","message":"HTTP server started on "}
{"level":"info", "time":"26/06/2024, 12:20:00 pm","fileName":"Server.js","message":"HTTPS server started on "}
{"level":"info", "time":"26/06/2024, 12:20:36 pm","fileName":"Server.js","message":"HTTP server started on "}
{"level":"info", "time":"26/06/2024, 12:20:36 pm","fileName":"Server.js","message":"HTTPS server started on "}
{"level":"info", "time":"26/06/2024, 12:21:45 pm","fileName":"Server.js","message":"HTTP server started on "}
{"level":"info", "time":"26/06/2024, 12:21:45 pm","fileName":"Server.js","message":"HTTPS server started on "}
{"level":"info", "time":"26/06/2024, 12:22:04 pm","fileName":"Server.js","message":"HTTP server started on "}
{"level":"info", "time":"26/06/2024, 12:22:04 pm","fileName":"Server.js","message":"HTTPS server started on "}
{"level":"info", "time":"26/06/2024, 12:22:41 pm","fileName":"Server.js","message":"HTTP server started on "}
{"level":"info", "time":"26/06/2024, 12:22:41 pm","fileName":"Server.js","message":"HTTPS server started on "}
{"level":"info", "time":"26/06/2024, 12:22:45 pm","fileName":"Server.js","message":"HTTP server started on "}
{"level":"info", "time":"26/06/2024, 12:22:45 pm","fileName":"Server.js","message":"HTTPS server started on "}
{"level":"info", "time":"26/06/2024, 12:23:31 pm","fileName":"Server.js","message":"HTTP server started on "}
{"level":"info", "time":"26/06/2024, 12:23:31 pm","fileName":"Server.js","message":"HTTPS server started on "}
{"level":"info", "time":"26/06/2024, 12:23:59 pm","fileName":"Server.js","message":"HTTP server started on "}
{"level":"info", "time":"26/06/2024, 12:23:59 pm","fileName":"Server.js","message":"HTTPS server started on "}
{"level":"info", "time":"26/06/2024, 12:28:26 pm","fileName":"Server.js","message":"HTTP server started on "}
{"level":"info", "time":"26/06/2024, 12:28:26 pm","fileName":"Server.js","message":"HTTPS server started on "}
{"level":"info", "time":"26/06/2024, 12:31:07 pm","fileName":"Server.js","message":"HTTP server started on "}
{"level":"info", "time":"26/06/2024, 12:31:07 pm","fileName":"Server.js","message":"HTTPS server started on "}
{"level":"info", "time":"26/06/2024, 12:32:34 pm","fileName":"Server.js","message":"HTTP server started on "}
{"level":"info", "time":"26/06/2024, 12:32:34 pm","fileName":"Server.js","message":"HTTPS server started on "}
{"level":"info", "time":"26/06/2024, 12:32:50 pm","fileName":"Server.js","message":"HTTP server started on "}
{"level":"info", "time":"26/06/2024, 12:32:50 pm","fileName":"Server.js","message":"HTTPS server started on "}
{"level":"info", "time":"26/06/2024, 12:34:30 pm","fileName":"Server.js","message":"HTTP server started on "}
{"level":"info", "time":"26/06/2024, 12:34:30 pm","fileName":"Server.js","message":"HTTPS server started on "}
{"level":"info", "time":"26/06/2024, 12:39:59 pm","fileName":"Server.js","message":"closing app"}
{"level":"info", "time":"7/1/2024, 12:15:04 PM","TopicName":"Test-Topic","Partition":"Test-Partition","message":"Read mongodb data succesfully"}
{"level":"error", "time":"7/1/2024, 12:15:04 PM","fileName":"Server.js","message":"Error: listen EADDRINUSE: address already in use :::8011\n    at Server.setupListenHandle [as _listen2] (node:net:1872:16)\n    at listenInCluster (node:net:1920:12)\n    at Server.listen (node:net:2008:7)\n    at Function.listen (D:\\New structure\\My\\ETB-NTB\\co-existence-enzo-code-structure-main\\node_modules\\express\\lib\\application.js:635:24)\n    at Object.<anonymous> (D:\\New structure\\My\\ETB-NTB\\co-existence-enzo-code-structure-main\\server.js:38:20)\n    at Module._compile (node:internal/modules/cjs/loader:1376:14)\n    at Module._extensions..js (node:internal/modules/cjs/loader:1435:10)\n    at Module.load (node:internal/modules/cjs/loader:1207:32)\n    at Module._load (node:internal/modules/cjs/loader:1023:12)\n    at Function.executeUserEntryPoint [as runMain] (node:internal/modules/run_main:135:12)\n    at node:internal/main/run_main_module:28:49"}
{"level":"error", "time":"7/1/2024, 12:15:04 PM","fileName":"Server.js","message":"Error: listen EADDRINUSE: address already in use :::8012\n    at Server.setupListenHandle [as _listen2] (node:net:1872:16)\n    at listenInCluster (node:net:1920:12)\n    at Server.listen (node:net:2008:7)\n    at Object.<anonymous> (D:\\New structure\\My\\ETB-NTB\\co-existence-enzo-code-structure-main\\server.js:47:53)\n    at Module._compile (node:internal/modules/cjs/loader:1376:14)\n    at Module._extensions..js (node:internal/modules/cjs/loader:1435:10)\n    at Module.load (node:internal/modules/cjs/loader:1207:32)\n    at Module._load (node:internal/modules/cjs/loader:1023:12)\n    at Function.executeUserEntryPoint [as runMain] (node:internal/modules/run_main:135:12)\n    at node:internal/main/run_main_module:28:49"}
{"level":"info", "time":"7/1/2024, 12:15:04 PM","TopicName":"Test-Topic","Partition":"Test-Partition","message":"Database connected successfully"}
{"level":"info", "time":"7/1/2024, 12:15:04 PM","TopicName":"Test-Topic","Partition":"Test-Partition","message":"File updated with database data."}
{"level":"info", "time":"7/1/2024, 12:15:14 PM","TopicName":"Test-Topic","Partition":"Test-Partition","message":"Read mongodb data succesfully"}
{"level":"info", "time":"7/1/2024, 12:15:14 PM","fileName":"Server.js","message":"HTTP server started on "}
{"level":"info", "time":"7/1/2024, 12:15:14 PM","fileName":"Server.js","message":"HTTPS server started on "}
{"level":"info", "time":"7/1/2024, 12:15:14 PM","TopicName":"Test-Topic","Partition":"Test-Partition","message":"Database connected successfully"}
{"level":"info", "time":"7/1/2024, 12:15:14 PM","TopicName":"Test-Topic","Partition":"Test-Partition","message":"Data in file matches database."}
{"level":"info", "time":"7/1/2024, 12:32:21 PM","TopicName":"Test-Topic","Partition":"Test-Partition","message":"Read mongodb data succesfully"}
{"level":"error", "time":"7/1/2024, 12:32:21 PM","fileName":"Server.js","message":"Error: listen EADDRINUSE: address already in use :::8011\n    at Server.setupListenHandle [as _listen2] (node:net:1872:16)\n    at listenInCluster (node:net:1920:12)\n    at Server.listen (node:net:2008:7)\n    at Function.listen (D:\\New structure\\My\\ETB-NTB\\co-existence-enzo-code-structure-main\\node_modules\\express\\lib\\application.js:635:24)\n    at Object.<anonymous> (D:\\New structure\\My\\ETB-NTB\\co-existence-enzo-code-structure-main\\server.js:38:20)\n    at Module._compile (node:internal/modules/cjs/loader:1376:14)\n    at Module._extensions..js (node:internal/modules/cjs/loader:1435:10)\n    at Module.load (node:internal/modules/cjs/loader:1207:32)\n    at Module._load (node:internal/modules/cjs/loader:1023:12)\n    at Function.executeUserEntryPoint [as runMain] (node:internal/modules/run_main:135:12)\n    at node:internal/main/run_main_module:28:49"}
{"level":"error", "time":"7/1/2024, 12:32:21 PM","fileName":"Server.js","message":"Error: listen EADDRINUSE: address already in use :::8012\n    at Server.setupListenHandle [as _listen2] (node:net:1872:16)\n    at listenInCluster (node:net:1920:12)\n    at Server.listen (node:net:2008:7)\n    at Object.<anonymous> (D:\\New structure\\My\\ETB-NTB\\co-existence-enzo-code-structure-main\\server.js:47:53)\n    at Module._compile (node:internal/modules/cjs/loader:1376:14)\n    at Module._extensions..js (node:internal/modules/cjs/loader:1435:10)\n    at Module.load (node:internal/modules/cjs/loader:1207:32)\n    at Module._load (node:internal/modules/cjs/loader:1023:12)\n    at Function.executeUserEntryPoint [as runMain] (node:internal/modules/run_main:135:12)\n    at node:internal/main/run_main_module:28:49"}
{"level":"info", "time":"7/1/2024, 12:32:22 PM","TopicName":"Test-Topic","Partition":"Test-Partition","message":"Database connected successfully"}
{"level":"info", "time":"7/1/2024, 12:32:22 PM","TopicName":"Test-Topic","Partition":"Test-Partition","message":"File updated with database data."}
{"level":"info", "time":"7/1/2024, 12:32:31 PM","TopicName":"Test-Topic","Partition":"Test-Partition","message":"Read mongodb data succesfully"}
{"level":"info", "time":"7/1/2024, 12:32:31 PM","fileName":"Server.js","message":"HTTP server started on "}
{"level":"info", "time":"7/1/2024, 12:32:31 PM","fileName":"Server.js","message":"HTTPS server started on "}
{"level":"info", "time":"7/1/2024, 12:32:31 PM","TopicName":"Test-Topic","Partition":"Test-Partition","message":"Database connected successfully"}
{"level":"info", "time":"7/1/2024, 12:32:31 PM","TopicName":"Test-Topic","Partition":"Test-Partition","message":"Data in file matches database."}
{"level":"info", "time":"7/1/2024, 12:33:23 PM","TopicName":"Test-Topic","Partition":"Test-Partition","message":"Read mongodb data succesfully"}
{"level":"error", "time":"7/1/2024, 12:33:23 PM","fileName":"Server.js","message":"Error: listen EADDRINUSE: address already in use :::8011\n    at Server.setupListenHandle [as _listen2] (node:net:1872:16)\n    at listenInCluster (node:net:1920:12)\n    at Server.listen (node:net:2008:7)\n    at Function.listen (D:\\New structure\\My\\ETB-NTB\\co-existence-enzo-code-structure-main\\node_modules\\express\\lib\\application.js:635:24)\n    at Object.<anonymous> (D:\\New structure\\My\\ETB-NTB\\co-existence-enzo-code-structure-main\\server.js:38:20)\n    at Module._compile (node:internal/modules/cjs/loader:1376:14)\n    at Module._extensions..js (node:internal/modules/cjs/loader:1435:10)\n    at Module.load (node:internal/modules/cjs/loader:1207:32)\n    at Module._load (node:internal/modules/cjs/loader:1023:12)\n    at Function.executeUserEntryPoint [as runMain] (node:internal/modules/run_main:135:12)\n    at node:internal/main/run_main_module:28:49"}
{"level":"error", "time":"7/1/2024, 12:33:23 PM","fileName":"Server.js","message":"Error: listen EADDRINUSE: address already in use :::8012\n    at Server.setupListenHandle [as _listen2] (node:net:1872:16)\n    at listenInCluster (node:net:1920:12)\n    at Server.listen (node:net:2008:7)\n    at Object.<anonymous> (D:\\New structure\\My\\ETB-NTB\\co-existence-enzo-code-structure-main\\server.js:47:53)\n    at Module._compile (node:internal/modules/cjs/loader:1376:14)\n    at Module._extensions..js (node:internal/modules/cjs/loader:1435:10)\n    at Module.load (node:internal/modules/cjs/loader:1207:32)\n    at Module._load (node:internal/modules/cjs/loader:1023:12)\n    at Function.executeUserEntryPoint [as runMain] (node:internal/modules/run_main:135:12)\n    at node:internal/main/run_main_module:28:49"}
{"level":"info", "time":"7/1/2024, 12:33:23 PM","TopicName":"Test-Topic","Partition":"Test-Partition","message":"Database connected successfully"}
{"level":"info", "time":"7/1/2024, 12:33:23 PM","TopicName":"Test-Topic","Partition":"Test-Partition","message":"File updated with database data."}
{"level":"info", "time":"7/1/2024, 12:33:42 PM","TopicName":"Test-Topic","Partition":"Test-Partition","message":"Read mongodb data succesfully"}
{"level":"info", "time":"7/1/2024, 12:33:42 PM","fileName":"Server.js","message":"HTTP server started on "}
{"level":"info", "time":"7/1/2024, 12:33:42 PM","fileName":"Server.js","message":"HTTPS server started on "}
{"level":"info", "time":"7/1/2024, 12:33:42 PM","TopicName":"Test-Topic","Partition":"Test-Partition","message":"Database connected successfully"}
{"level":"info", "time":"7/1/2024, 12:33:42 PM","TopicName":"Test-Topic","Partition":"Test-Partition","message":"File updated with database data."}
{"level":"info", "time":"7/1/2024, 12:35:53 PM","TopicName":"Test-Topic","Partition":"Test-Partition","message":"Read mongodb data succesfully"}
{"level":"info", "time":"7/1/2024, 12:35:53 PM","fileName":"Server.js","message":"HTTP server started on "}
{"level":"info", "time":"7/1/2024, 12:35:53 PM","fileName":"Server.js","message":"HTTPS server started on "}
{"level":"info", "time":"7/1/2024, 12:35:53 PM","TopicName":"Test-Topic","Partition":"Test-Partition","message":"Database connected successfully"}
{"level":"info", "time":"7/1/2024, 12:35:53 PM","TopicName":"Test-Topic","Partition":"Test-Partition","message":"Data in file matches database."}
{"level":"info", "time":"7/1/2024, 12:36:28 PM","TopicName":"Test-Topic","Partition":"Test-Partition","message":"Read mongodb data succesfully"}
{"level":"info", "time":"7/1/2024, 12:36:28 PM","fileName":"Server.js","message":"HTTP server started on "}
{"level":"info", "time":"7/1/2024, 12:36:28 PM","fileName":"Server.js","message":"HTTPS server started on "}
{"level":"info", "time":"7/1/2024, 12:36:28 PM","TopicName":"Test-Topic","Partition":"Test-Partition","message":"Database connected successfully"}
{"level":"info", "time":"7/1/2024, 12:36:28 PM","TopicName":"Test-Topic","Partition":"Test-Partition","message":"File updated with database data."}
{"level":"info", "time":"7/1/2024, 12:50:59 PM","TopicName":"Test-Topic","Partition":"Test-Partition","message":"Read mongodb data succesfully"}
{"level":"info", "time":"7/1/2024, 12:50:59 PM","fileName":"Server.js","message":"HTTP server started on "}
{"level":"info", "time":"7/1/2024, 12:50:59 PM","fileName":"Server.js","message":"HTTPS server started on "}
{"level":"info", "time":"7/1/2024, 12:50:59 PM","TopicName":"Test-Topic","Partition":"Test-Partition","message":"Database connected successfully"}
{"level":"info", "time":"7/1/2024, 12:50:59 PM","TopicName":"Test-Topic","Partition":"Test-Partition","message":"Data in file matches database."}
{"level":"error", "time":"7/24/2024, 12:27:50 PM","fileName":"Server.js","message":"Error: listen EADDRINUSE: address already in use :::8011\n    at Server.setupListenHandle [as _listen2] (node:net:1872:16)\n    at listenInCluster (node:net:1920:12)\n    at Server.listen (node:net:2008:7)\n    at Function.listen (D:\\New structure\\My\\ETB-NTB\\co-existence-enzo-code-structure-main\\node_modules\\express\\lib\\application.js:635:24)\n    at Object.<anonymous> (D:\\New structure\\My\\ETB-NTB\\co-existence-enzo-code-structure-main\\server.js:38:20)\n    at Module._compile (node:internal/modules/cjs/loader:1376:14)\n    at Module._extensions..js (node:internal/modules/cjs/loader:1435:10)\n    at Module.load (node:internal/modules/cjs/loader:1207:32)\n    at Module._load (node:internal/modules/cjs/loader:1023:12)\n    at Function.executeUserEntryPoint [as runMain] (node:internal/modules/run_main:135:12)\n    at node:internal/main/run_main_module:28:49"}
{"level":"error", "time":"7/24/2024, 12:27:50 PM","fileName":"Server.js","message":"Error: listen EADDRINUSE: address already in use :::8012\n    at Server.setupListenHandle [as _listen2] (node:net:1872:16)\n    at listenInCluster (node:net:1920:12)\n    at Server.listen (node:net:2008:7)\n    at Object.<anonymous> (D:\\New structure\\My\\ETB-NTB\\co-existence-enzo-code-structure-main\\server.js:47:53)\n    at Module._compile (node:internal/modules/cjs/loader:1376:14)\n    at Module._extensions..js (node:internal/modules/cjs/loader:1435:10)\n    at Module.load (node:internal/modules/cjs/loader:1207:32)\n    at Module._load (node:internal/modules/cjs/loader:1023:12)\n    at Function.executeUserEntryPoint [as runMain] (node:internal/modules/run_main:135:12)\n    at node:internal/main/run_main_module:28:49"}
{"level":"info", "time":"7/24/2024, 12:28:11 PM","fileName":"Server.js","message":"HTTP server started on "}
{"level":"info", "time":"7/24/2024, 12:28:11 PM","fileName":"Server.js","message":"HTTPS server started on "}
{"level":"info", "time":"7/24/2024, 12:35:02 PM","fileName":"Server.js","message":"HTTP server started on "}
{"level":"info", "time":"7/24/2024, 12:35:02 PM","fileName":"Server.js","message":"HTTPS server started on "}
{"level":"info", "time":"7/24/2024, 12:38:49 PM","fileName":"Server.js","message":"HTTP server started on "}
{"level":"info", "time":"7/24/2024, 12:38:49 PM","fileName":"Server.js","message":"HTTPS server started on "}
{"level":"info", "time":"7/24/2024, 12:39:23 PM","fileName":"Server.js","message":"HTTP server started on "}
{"level":"info", "time":"7/24/2024, 12:39:23 PM","fileName":"Server.js","message":"HTTPS server started on "}
{"level":"info", "time":"9/11/2024, 12:18:31 PM","fileName":"Server.js","message":"HTTP server started on "}
{"level":"info", "time":"9/11/2024, 12:18:31 PM","fileName":"Server.js","message":"HTTPS server started on "}
{"level":"info", "time":"9/11/2024, 12:18:58 PM","fileName":"Server.js","message":"HTTP server started on "}
{"level":"info", "time":"9/11/2024, 12:18:58 PM","fileName":"Server.js","message":"HTTPS server started on "}
{"level":"info", "time":"9/11/2024, 12:19:36 PM","fileName":"Server.js","message":"HTTP server started on "}
{"level":"info", "time":"9/11/2024, 12:19:36 PM","fileName":"Server.js","message":"HTTPS server started on "}
{"level":"info", "time":"9/11/2024, 12:19:41 PM","fileName":"Server.js","message":"HTTP server started on "}
{"level":"info", "time":"9/11/2024, 12:19:41 PM","fileName":"Server.js","message":"HTTPS server started on "}
{"level":"info", "time":"9/11/2024, 12:19:47 PM","fileName":"Server.js","message":"HTTP server started on "}
{"level":"info", "time":"9/11/2024, 12:19:47 PM","fileName":"Server.js","message":"HTTPS server started on "}
{"level":"info", "time":"9/11/2024, 12:19:52 PM","fileName":"Server.js","message":"HTTP server started on "}
{"level":"info", "time":"9/11/2024, 12:19:52 PM","fileName":"Server.js","message":"HTTPS server started on "}
{"level":"info", "time":"9/11/2024, 12:20:02 PM","fileName":"Server.js","message":"HTTP server started on "}
{"level":"info", "time":"9/11/2024, 12:20:02 PM","fileName":"Server.js","message":"HTTPS server started on "}
{"level":"info", "time":"9/11/2024, 12:20:13 PM","fileName":"Server.js","message":"HTTP server started on "}
{"level":"info", "time":"9/11/2024, 12:20:13 PM","fileName":"Server.js","message":"HTTPS server started on "}
{"level":"info", "time":"9/11/2024, 12:28:04 PM","fileName":"Server.js","message":"HTTP server started on "}
{"level":"info", "time":"9/11/2024, 12:28:04 PM","fileName":"Server.js","message":"HTTPS server started on "}
{"level":"info", "time":"9/11/2024, 12:28:15 PM","fileName":"Server.js","message":"closing app"}
{"level":"info", "time":"9/12/2024, 12:58:40 PM","fileName":"Server.js","message":"HTTP server started on "}
{"level":"info", "time":"9/12/2024, 12:58:40 PM","fileName":"Server.js","message":"HTTPS server started on "}
{"level":"info", "time":"9/12/2024, 2:27:57 PM","fileName":"Server.js","message":"closing app"}
{"level":"info", "time":"10/9/2024, 12:04:58 PM","fileName":"Server.js","message":"HTTP server started on "}
{"level":"info", "time":"10/9/2024, 12:04:58 PM","fileName":"Server.js","message":"HTTPS server started on "}
{"level":"info", "time":"10/9/2024, 12:05:30 PM","fileName":"Server.js","message":"HTTP server started on "}
{"level":"info", "time":"10/9/2024, 12:05:30 PM","fileName":"Server.js","message":"HTTPS server started on "}
{"level":"info", "time":"10/9/2024, 12:07:28 PM","fileName":"Server.js","message":"HTTP server started on "}
{"level":"info", "time":"10/9/2024, 12:07:28 PM","fileName":"Server.js","message":"HTTPS server started on "}
{"level":"info", "time":"10/9/2024, 12:09:08 PM","fileName":"Server.js","message":"HTTP server started on "}
{"level":"info", "time":"10/9/2024, 12:09:08 PM","fileName":"Server.js","message":"HTTPS server started on "}
{"level":"info", "time":"10/9/2024, 12:09:16 PM","fileName":"Server.js","message":"HTTP server started on "}
{"level":"info", "time":"10/9/2024, 12:09:16 PM","fileName":"Server.js","message":"HTTPS server started on "}
{"level":"info", "time":"10/9/2024, 12:09:23 PM","fileName":"Server.js","message":"HTTP server started on "}
{"level":"info", "time":"10/9/2024, 12:09:23 PM","fileName":"Server.js","message":"HTTPS server started on "}
{"level":"info", "time":"10/9/2024, 12:09:27 PM","fileName":"Server.js","message":"HTTP server started on "}
{"level":"info", "time":"10/9/2024, 12:09:27 PM","fileName":"Server.js","message":"HTTPS server started on "}
{"level":"info", "time":"10/9/2024, 12:10:23 PM","fileName":"Server.js","message":"HTTP server started on "}
{"level":"info", "time":"10/9/2024, 12:10:23 PM","fileName":"Server.js","message":"HTTPS server started on "}
{"level":"info", "time":"10/9/2024, 12:17:30 PM","fileName":"Server.js","message":"HTTP server started on "}
{"level":"info", "time":"10/9/2024, 12:17:30 PM","fileName":"Server.js","message":"HTTPS server started on "}
{"level":"info", "time":"10/9/2024, 12:18:05 PM","fileName":"Server.js","message":"HTTP server started on "}
{"level":"info", "time":"10/9/2024, 12:18:05 PM","fileName":"Server.js","message":"HTTPS server started on "}
{"level":"info", "time":"10/9/2024, 12:19:09 PM","fileName":"Server.js","message":"HTTP server started on "}
{"level":"info", "time":"10/9/2024, 12:19:09 PM","fileName":"Server.js","message":"HTTPS server started on "}
{"level":"info", "time":"10/9/2024, 12:20:46 PM","fileName":"Server.js","message":"HTTP server started on "}
{"level":"info", "time":"10/9/2024, 12:20:46 PM","fileName":"Server.js","message":"HTTPS server started on "}
{"level":"info", "time":"10/10/2024, 12:01:55 PM","fileName":"Server.js","message":"HTTP server started on "}
{"level":"info", "time":"10/10/2024, 12:01:55 PM","fileName":"Server.js","message":"HTTPS server started on "}
{"level":"info", "time":"10/10/2024, 12:01:56 PM","fileName":"Server.js","message":"HTTP server started on "}
{"level":"info", "time":"10/10/2024, 12:01:56 PM","fileName":"Server.js","message":"HTTPS server started on "}
{"level":"info", "time":"10/10/2024, 12:04:15 PM","fileName":"Server.js","message":"HTTP server started on "}
{"level":"info", "time":"10/10/2024, 12:04:15 PM","fileName":"Server.js","message":"HTTPS server started on "}
{"level":"info", "time":"10/10/2024, 12:08:22 PM","fileName":"Server.js","message":"HTTP server started on "}
{"level":"info", "time":"10/10/2024, 12:08:22 PM","fileName":"Server.js","message":"HTTPS server started on "}
{"level":"info", "time":"10/10/2024, 12:08:33 PM","fileName":"Server.js","message":"HTTP server started on "}
{"level":"info", "time":"10/10/2024, 12:08:33 PM","fileName":"Server.js","message":"HTTPS server started on "}
{"level":"info", "time":"10/10/2024, 12:08:49 PM","fileName":"Server.js","message":"HTTP server started on "}
{"level":"info", "time":"10/10/2024, 12:08:49 PM","fileName":"Server.js","message":"HTTPS server started on "}
{"level":"info", "time":"10/10/2024, 12:16:08 PM","reqId":"001512212221232","fileName":"loggerMiddleware.js","TopicName":"Test-Topic","Partition":"Test-Partition","message":"Incoming Request","RequestData":{"url":"http:localhost:8011/api/v1/get/NtbEtb","reqMethod":"POST"}}
{"level":"info", "time":"10/10/2024, 12:16:08 PM","reqId":"001512212221232","fileName":"loggerMiddleware.js","TopicName":"Test-Topic","Partition":"Test-Partition","message":"Outgoing Response","ResponseData":{"statusCode":400,"data":{"responseCode":"400","responseDescription":"\"xChannelId\" is required","xReqId":"001512212221232","upStream":[{"sourceSystem":["Middleware"]}],"data":{"error":[{"fieldName":"xChannelId","code":"400","description":"\"xChannelId\" is required"}]}}}}
{"level":"info", "time":"10/10/2024, 12:16:56 PM","fileName":"Server.js","message":"HTTP server started on "}
{"level":"info", "time":"10/10/2024, 12:16:56 PM","fileName":"Server.js","message":"HTTPS server started on "}
{"level":"info", "time":"10/10/2024, 12:19:29 PM","fileName":"Server.js","message":"HTTP server started on "}
{"level":"info", "time":"10/10/2024, 12:19:29 PM","fileName":"Server.js","message":"HTTPS server started on "}
{"level":"info", "time":"10/10/2024, 12:19:53 PM","fileName":"Server.js","message":"HTTP server started on "}
{"level":"info", "time":"10/10/2024, 12:19:53 PM","fileName":"Server.js","message":"HTTPS server started on "}
