{"level":"info", "time":"26/06/2024, 10:30:56 am","fileName":"Server.js","message":"HTTP server started on "}
{"level":"info", "time":"26/06/2024, 10:30:56 am","fileName":"Server.js","message":"HTTPS server started on "}
{"level":"info", "time":"9/11/2024, 10:51:16 AM","fileName":"Server.js","message":"HTTP server started on "}
{"level":"info", "time":"9/11/2024, 10:51:16 AM","fileName":"Server.js","message":"HTTPS server started on "}
{"level":"info", "time":"9/11/2024, 10:52:22 AM","fileName":"Server.js","message":"HTTP server started on "}
{"level":"info", "time":"9/11/2024, 10:52:22 AM","fileName":"Server.js","message":"HTTPS server started on "}
{"level":"info", "time":"9/11/2024, 10:53:47 AM","fileName":"Server.js","message":"HTTP server started on "}
{"level":"info", "time":"9/11/2024, 10:53:47 AM","fileName":"Server.js","message":"HTTPS server started on "}
{"level":"info", "time":"9/11/2024, 10:56:48 AM","fileName":"Server.js","message":"HTTP server started on "}
{"level":"info", "time":"9/11/2024, 10:56:48 AM","fileName":"Server.js","message":"HTTPS server started on "}
{"level":"info", "time":"9/11/2024, 10:56:50 AM","fileName":"Server.js","message":"closing app"}
{"level":"info", "time":"9/12/2024, 10:14:41 AM","fileName":"Server.js","message":"HTTP server started on "}
{"level":"info", "time":"9/12/2024, 10:14:41 AM","fileName":"Server.js","message":"HTTPS server started on "}
{"level":"info", "time":"9/12/2024, 10:14:57 AM","fileName":"Server.js","message":"HTTP server started on "}
{"level":"info", "time":"9/12/2024, 10:14:57 AM","fileName":"Server.js","message":"HTTPS server started on "}
{"level":"info", "time":"9/12/2024, 10:18:07 AM","fileName":"Server.js","message":"HTTP server started on "}
{"level":"info", "time":"9/12/2024, 10:18:07 AM","fileName":"Server.js","message":"HTTPS server started on "}
{"level":"info", "time":"9/12/2024, 10:21:02 AM","fileName":"Server.js","message":"HTTP server started on "}
{"level":"info", "time":"9/12/2024, 10:21:02 AM","fileName":"Server.js","message":"HTTPS server started on "}
{"level":"info", "time":"9/12/2024, 10:25:34 AM","fileName":"Server.js","message":"HTTP server started on "}
{"level":"info", "time":"9/12/2024, 10:25:34 AM","fileName":"Server.js","message":"HTTPS server started on "}
{"level":"info", "time":"9/12/2024, 10:25:38 AM","fileName":"Server.js","message":"HTTP server started on "}
{"level":"info", "time":"9/12/2024, 10:25:38 AM","fileName":"Server.js","message":"HTTPS server started on "}
{"level":"info", "time":"9/12/2024, 10:25:42 AM","fileName":"Server.js","message":"HTTP server started on "}
{"level":"info", "time":"9/12/2024, 10:25:42 AM","fileName":"Server.js","message":"HTTPS server started on "}
{"level":"info", "time":"9/12/2024, 10:26:04 AM","fileName":"Server.js","message":"HTTP server started on "}
{"level":"info", "time":"9/12/2024, 10:26:04 AM","fileName":"Server.js","message":"HTTPS server started on "}
{"level":"info", "time":"9/12/2024, 10:30:30 AM","fileName":"Server.js","message":"HTTP server started on "}
{"level":"info", "time":"9/12/2024, 10:30:30 AM","fileName":"Server.js","message":"HTTPS server started on "}
{"level":"info", "time":"9/12/2024, 10:36:09 AM","fileName":"Server.js","message":"HTTP server started on "}
{"level":"info", "time":"9/12/2024, 10:36:09 AM","fileName":"Server.js","message":"HTTPS server started on "}
{"level":"info", "time":"9/12/2024, 10:38:10 AM","fileName":"Server.js","message":"HTTP server started on "}
{"level":"info", "time":"9/12/2024, 10:38:10 AM","fileName":"Server.js","message":"HTTPS server started on "}
{"level":"info", "time":"9/12/2024, 10:40:30 AM","fileName":"Server.js","message":"HTTP server started on "}
{"level":"info", "time":"9/12/2024, 10:40:30 AM","fileName":"Server.js","message":"HTTPS server started on "}
{"level":"info", "time":"9/12/2024, 10:43:14 AM","fileName":"Server.js","message":"HTTP server started on "}
{"level":"info", "time":"9/12/2024, 10:43:14 AM","fileName":"Server.js","message":"HTTPS server started on "}
{"level":"info", "time":"9/12/2024, 10:48:16 AM","fileName":"Server.js","message":"HTTP server started on "}
{"level":"info", "time":"9/12/2024, 10:48:16 AM","fileName":"Server.js","message":"HTTPS server started on "}
{"level":"info", "time":"9/12/2024, 10:48:29 AM","fileName":"Server.js","message":"HTTP server started on "}
{"level":"info", "time":"9/12/2024, 10:48:29 AM","fileName":"Server.js","message":"HTTPS server started on "}
{"level":"info", "time":"9/12/2024, 10:58:57 AM","fileName":"Server.js","message":"HTTP server started on "}
{"level":"info", "time":"9/12/2024, 10:58:57 AM","fileName":"Server.js","message":"HTTPS server started on "}
