{"level":"info", "time":"7/1/2024, 3:08:10 PM","TopicName":"Test-Topic","Partition":"Test-Partition","message":"Read mongodb data succesfully"}
{"level":"info", "time":"7/1/2024, 3:08:10 PM","fileName":"Server.js","message":"HTTP server started on "}
{"level":"info", "time":"7/1/2024, 3:08:10 PM","fileName":"Server.js","message":"HTTPS server started on "}
{"level":"info", "time":"7/1/2024, 3:08:10 PM","TopicName":"Test-Topic","Partition":"Test-Partition","message":"Database connected successfully"}
{"level":"info", "time":"7/1/2024, 3:08:10 PM","TopicName":"Test-Topic","Partition":"Test-Partition","message":"File updated with database data."}
{"level":"info", "time":"7/1/2024, 3:10:08 PM","TopicName":"Test-Topic","Partition":"Test-Partition","message":"Read mongodb data succesfully"}
{"level":"info", "time":"7/1/2024, 3:10:08 PM","fileName":"Server.js","message":"HTTP server started on "}
{"level":"info", "time":"7/1/2024, 3:10:08 PM","fileName":"Server.js","message":"HTTPS server started on "}
{"level":"info", "time":"7/1/2024, 3:10:08 PM","TopicName":"Test-Topic","Partition":"Test-Partition","message":"Database connected successfully"}
{"level":"info", "time":"7/1/2024, 3:10:08 PM","TopicName":"Test-Topic","Partition":"Test-Partition","message":"File updated with database data."}
{"level":"info", "time":"7/1/2024, 3:20:01 PM","TopicName":"Test-Topic","Partition":"Test-Partition","message":"Read mongodb data succesfully"}
{"level":"info", "time":"7/1/2024, 3:20:01 PM","fileName":"Server.js","message":"HTTP server started on "}
{"level":"info", "time":"7/1/2024, 3:20:01 PM","fileName":"Server.js","message":"HTTPS server started on "}
{"level":"info", "time":"7/1/2024, 3:20:01 PM","TopicName":"Test-Topic","Partition":"Test-Partition","message":"Database connected successfully"}
{"level":"info", "time":"7/1/2024, 3:20:01 PM","TopicName":"Test-Topic","Partition":"Test-Partition","message":"File updated with database data."}
{"level":"info", "time":"7/1/2024, 3:24:55 PM","TopicName":"Test-Topic","Partition":"Test-Partition","message":"Read mongodb data succesfully"}
{"level":"info", "time":"7/1/2024, 3:24:55 PM","fileName":"Server.js","message":"HTTP server started on "}
{"level":"info", "time":"7/1/2024, 3:24:55 PM","fileName":"Server.js","message":"HTTPS server started on "}
{"level":"info", "time":"7/1/2024, 3:24:55 PM","TopicName":"Test-Topic","Partition":"Test-Partition","message":"Database connected successfully"}
{"level":"info", "time":"7/1/2024, 3:24:55 PM","TopicName":"Test-Topic","Partition":"Test-Partition","message":"File updated with database data."}
{"level":"info", "time":"7/1/2024, 3:28:12 PM","TopicName":"Test-Topic","Partition":"Test-Partition","message":"Read mongodb data succesfully"}
{"level":"info", "time":"7/1/2024, 3:28:12 PM","fileName":"Server.js","message":"HTTP server started on "}
{"level":"info", "time":"7/1/2024, 3:28:12 PM","fileName":"Server.js","message":"HTTPS server started on "}
{"level":"info", "time":"7/1/2024, 3:28:12 PM","TopicName":"Test-Topic","Partition":"Test-Partition","message":"Database connected successfully"}
{"level":"info", "time":"7/1/2024, 3:28:12 PM","TopicName":"Test-Topic","Partition":"Test-Partition","message":"File updated with database data."}
{"level":"info", "time":"7/1/2024, 3:46:51 PM","TopicName":"Test-Topic","Partition":"Test-Partition","message":"Read mongodb data succesfully"}
{"level":"info", "time":"7/1/2024, 3:46:51 PM","fileName":"Server.js","message":"HTTP server started on "}
{"level":"info", "time":"7/1/2024, 3:46:51 PM","fileName":"Server.js","message":"HTTPS server started on "}
{"level":"info", "time":"7/1/2024, 3:46:51 PM","TopicName":"Test-Topic","Partition":"Test-Partition","message":"Database connected successfully"}
{"level":"info", "time":"7/1/2024, 3:46:51 PM","TopicName":"Test-Topic","Partition":"Test-Partition","message":"File updated with database data."}
{"level":"info", "time":"9/10/2024, 3:17:05 PM","fileName":"Server.js","message":"HTTP server started on "}
{"level":"info", "time":"9/10/2024, 3:17:05 PM","fileName":"Server.js","message":"HTTPS server started on "}
{"level":"info", "time":"9/10/2024, 3:19:00 PM","fileName":"Server.js","message":"HTTP server started on "}
{"level":"info", "time":"9/10/2024, 3:19:00 PM","fileName":"Server.js","message":"HTTPS server started on "}
{"level":"info", "time":"9/10/2024, 3:19:14 PM","fileName":"Server.js","message":"closing app"}
{"level":"info", "time":"9/10/2024, 3:19:19 PM","fileName":"Server.js","message":"HTTP server started on "}
{"level":"info", "time":"9/10/2024, 3:19:19 PM","fileName":"Server.js","message":"HTTPS server started on "}
{"level":"info", "time":"9/10/2024, 3:32:50 PM","fileName":"Server.js","message":"HTTP server started on "}
{"level":"info", "time":"9/10/2024, 3:32:50 PM","fileName":"Server.js","message":"HTTPS server started on "}
{"level":"info", "time":"9/10/2024, 3:34:22 PM","fileName":"Server.js","message":"HTTP server started on "}
{"level":"info", "time":"9/10/2024, 3:34:22 PM","fileName":"Server.js","message":"HTTPS server started on "}
{"level":"info", "time":"9/10/2024, 3:39:15 PM","fileName":"Server.js","message":"HTTP server started on "}
{"level":"info", "time":"9/10/2024, 3:39:15 PM","fileName":"Server.js","message":"HTTPS server started on "}
{"level":"info", "time":"9/10/2024, 3:53:33 PM","fileName":"Server.js","message":"HTTP server started on "}
{"level":"info", "time":"9/10/2024, 3:53:33 PM","fileName":"Server.js","message":"HTTPS server started on "}
{"level":"info", "time":"9/10/2024, 3:54:00 PM","fileName":"Server.js","message":"HTTP server started on "}
{"level":"info", "time":"9/10/2024, 3:54:00 PM","fileName":"Server.js","message":"HTTPS server started on "}
{"level":"info", "time":"9/10/2024, 3:54:25 PM","fileName":"Server.js","message":"HTTP server started on "}
{"level":"info", "time":"9/10/2024, 3:54:25 PM","fileName":"Server.js","message":"HTTPS server started on "}
{"level":"info", "time":"9/11/2024, 3:18:18 PM","fileName":"Server.js","message":"HTTP server started on "}
{"level":"info", "time":"9/11/2024, 3:18:18 PM","fileName":"Server.js","message":"HTTPS server started on "}
{"level":"info", "time":"9/11/2024, 3:18:36 PM","fileName":"Server.js","message":"HTTP server started on "}
{"level":"info", "time":"9/11/2024, 3:18:36 PM","fileName":"Server.js","message":"HTTPS server started on "}
{"level":"info", "time":"9/11/2024, 3:18:55 PM","fileName":"Server.js","message":"HTTP server started on "}
{"level":"info", "time":"9/11/2024, 3:18:55 PM","fileName":"Server.js","message":"HTTPS server started on "}
{"level":"info", "time":"9/11/2024, 3:19:15 PM","fileName":"Server.js","message":"HTTP server started on "}
{"level":"info", "time":"9/11/2024, 3:19:15 PM","fileName":"Server.js","message":"HTTPS server started on "}
{"level":"info", "time":"9/11/2024, 3:19:23 PM","fileName":"Server.js","message":"HTTP server started on "}
{"level":"info", "time":"9/11/2024, 3:19:23 PM","fileName":"Server.js","message":"HTTPS server started on "}
{"level":"info", "time":"9/11/2024, 3:20:33 PM","fileName":"Server.js","message":"HTTP server started on "}
{"level":"info", "time":"9/11/2024, 3:20:33 PM","fileName":"Server.js","message":"HTTPS server started on "}
{"level":"info", "time":"9/11/2024, 3:21:07 PM","fileName":"Server.js","message":"HTTP server started on "}
{"level":"info", "time":"9/11/2024, 3:21:07 PM","fileName":"Server.js","message":"HTTPS server started on "}
{"level":"info", "time":"9/11/2024, 3:21:22 PM","fileName":"Server.js","message":"HTTP server started on "}
{"level":"info", "time":"9/11/2024, 3:21:22 PM","fileName":"Server.js","message":"HTTPS server started on "}
{"level":"info", "time":"9/11/2024, 3:21:37 PM","fileName":"Server.js","message":"HTTP server started on "}
{"level":"info", "time":"9/11/2024, 3:21:37 PM","fileName":"Server.js","message":"HTTPS server started on "}
{"level":"info", "time":"9/11/2024, 3:21:49 PM","fileName":"Server.js","message":"HTTP server started on "}
{"level":"info", "time":"9/11/2024, 3:21:49 PM","fileName":"Server.js","message":"HTTPS server started on "}
{"level":"info", "time":"9/11/2024, 3:22:24 PM","fileName":"Server.js","message":"HTTP server started on "}
{"level":"info", "time":"9/11/2024, 3:22:24 PM","fileName":"Server.js","message":"HTTPS server started on "}
{"level":"info", "time":"9/11/2024, 3:22:38 PM","fileName":"Server.js","message":"HTTP server started on "}
{"level":"info", "time":"9/11/2024, 3:22:38 PM","fileName":"Server.js","message":"HTTPS server started on "}
{"level":"info", "time":"9/11/2024, 3:22:51 PM","fileName":"Server.js","message":"HTTP server started on "}
{"level":"info", "time":"9/11/2024, 3:22:51 PM","fileName":"Server.js","message":"HTTPS server started on "}
{"level":"info", "time":"9/11/2024, 3:23:08 PM","fileName":"Server.js","message":"HTTP server started on "}
{"level":"info", "time":"9/11/2024, 3:23:08 PM","fileName":"Server.js","message":"HTTPS server started on "}
{"level":"info", "time":"9/11/2024, 3:23:18 PM","fileName":"Server.js","message":"HTTP server started on "}
{"level":"info", "time":"9/11/2024, 3:23:18 PM","fileName":"Server.js","message":"HTTPS server started on "}
{"level":"info", "time":"9/11/2024, 4:34:42 PM","fileName":"Server.js","message":"closing app"}
{"level":"info", "time":"10/8/2024, 3:51:09 PM","fileName":"Server.js","message":"HTTP server started on "}
{"level":"info", "time":"10/8/2024, 3:51:09 PM","fileName":"Server.js","message":"HTTPS server started on "}
{"level":"info", "time":"10/8/2024, 3:55:40 PM","fileName":"Server.js","message":"HTTP server started on "}
{"level":"info", "time":"10/8/2024, 3:55:40 PM","fileName":"Server.js","message":"HTTPS server started on "}
{"level":"info", "time":"10/8/2024, 3:56:33 PM","fileName":"Server.js","message":"HTTP server started on "}
{"level":"info", "time":"10/8/2024, 3:56:33 PM","fileName":"Server.js","message":"HTTPS server started on "}
{"level":"info", "time":"10/8/2024, 3:56:35 PM","fileName":"Server.js","message":"HTTP server started on "}
{"level":"info", "time":"10/8/2024, 3:56:35 PM","fileName":"Server.js","message":"HTTPS server started on "}
{"level":"info", "time":"10/8/2024, 3:57:04 PM","fileName":"Server.js","message":"HTTP server started on "}
{"level":"info", "time":"10/8/2024, 3:57:04 PM","fileName":"Server.js","message":"HTTPS server started on "}
{"level":"info", "time":"10/8/2024, 3:57:29 PM","fileName":"Server.js","message":"closing app"}
{"level":"info", "time":"10/8/2024, 3:57:34 PM","fileName":"Server.js","message":"HTTP server started on "}
{"level":"info", "time":"10/8/2024, 3:57:34 PM","fileName":"Server.js","message":"HTTPS server started on "}
{"level":"info", "time":"10/8/2024, 3:57:51 PM","fileName":"Server.js","message":"HTTP server started on "}
{"level":"info", "time":"10/8/2024, 3:57:51 PM","fileName":"Server.js","message":"HTTPS server started on "}
